<?xml version="1.0" encoding="UTF-8"?>
<testsuite xmlns:xsi="http://www.w3.org/2001/XMLSchema-instance" xsi:noNamespaceSchemaLocation="https://maven.apache.org/surefire/maven-surefire-plugin/xsd/surefire-test-report-3.0.xsd" version="3.0" name="com.qa.ims.persistence.dao.OrderDaoMysqlTest" time="0.57" tests="6" errors="0" skipped="0" failures="6">
  <properties>
[...]
</properties>
  <testcase name="CreateTest" classname="com.qa.ims.persistence.dao.OrderDaoMysqlTest" time="0.049">
    <failure message="expected:&lt;com.qa.ims.persistence.domain.Order@63061b62&gt; but was:&lt;null&gt;" type="java.lang.AssertionError"><![CDATA[java.lang.AssertionError: expected:<com.qa.ims.persistence.domain.Order@63061b62> but was:<null>
	at com.qa.ims.persistence.dao.OrderDaoMysqlTest.CreateTest(OrderDaoMysqlTest.java:93)
]]></failure>
    <system-out><![CDATA[DEBUG - [Ljava.lang.StackTraceElement;@66e6e5e9
ERROR - Access denied for user 'root'@'localhost' (using password: YES)
DEBUG - com.mysql.cj.jdbc.exceptions.SQLError.createSQLException(SQLError.java:129)
DEBUG - com.mysql.cj.jdbc.exceptions.SQLError.createSQLException(SQLError.java:97)
DEBUG - com.mysql.cj.jdbc.exceptions.SQLExceptionsMapping.translateException(SQLExceptionsMapping.java:122)
DEBUG - com.mysql.cj.jdbc.ConnectionImpl.createNewIO(ConnectionImpl.java:836)
DEBUG - com.mysql.cj.jdbc.ConnectionImpl.<init>(ConnectionImpl.java:456)
DEBUG - com.mysql.cj.jdbc.ConnectionImpl.getInstance(ConnectionImpl.java:246)
DEBUG - com.mysql.cj.jdbc.NonRegisteringDriver.connect(NonRegisteringDriver.java:197)
DEBUG - java.sql/java.sql.DriverManager.getConnection(DriverManager.java:677)
DEBUG - java.sql/java.sql.DriverManager.getConnection(DriverManager.java:228)
DEBUG - com.qa.ims.Ims.init(Ims.java:126)
DEBUG - com.qa.ims.persistence.dao.OrderDaoMysqlTest.aInit(OrderDaoMysqlTest.java:73)
DEBUG - java.base/jdk.internal.reflect.NativeMethodAccessorImpl.invoke0(Native Method)
DEBUG - java.base/jdk.internal.reflect.NativeMethodAccessorImpl.invoke(NativeMethodAccessorImpl.java:62)
DEBUG - java.base/jdk.internal.reflect.DelegatingMethodAccessorImpl.invoke(DelegatingMethodAccessorImpl.java:43)
DEBUG - java.base/java.lang.reflect.Method.invoke(Method.java:564)
DEBUG - org.junit.runners.model.FrameworkMethod$1.runReflectiveCall(FrameworkMethod.java:50)
DEBUG - org.junit.internal.runners.model.ReflectiveCallable.run(ReflectiveCallable.java:12)
DEBUG - org.junit.runners.model.FrameworkMethod.invokeExplosively(FrameworkMethod.java:47)
DEBUG - org.junit.internal.runners.statements.RunBefores.evaluate(RunBefores.java:24)
DEBUG - org.junit.internal.runners.statements.RunAfters.evaluate(RunAfters.java:27)
DEBUG - org.junit.runners.ParentRunner.run(ParentRunner.java:363)
DEBUG - org.mockito.internal.runners.DefaultInternalRunner$1.run(DefaultInternalRunner.java:77)
DEBUG - org.mockito.internal.runners.DefaultInternalRunner.run(DefaultInternalRunner.java:83)
DEBUG - org.mockito.internal.runners.StrictRunner.run(StrictRunner.java:39)
DEBUG - org.mockito.junit.MockitoJUnitRunner.run(MockitoJUnitRunner.java:163)
DEBUG - org.apache.maven.surefire.junit4.JUnit4Provider.execute(JUnit4Provider.java:364)
DEBUG - org.apache.maven.surefire.junit4.JUnit4Provider.executeWithRerun(JUnit4Provider.java:272)
DEBUG - org.apache.maven.surefire.junit4.JUnit4Provider.executeTestSet(JUnit4Provider.java:237)
DEBUG - org.apache.maven.surefire.junit4.JUnit4Provider.invoke(JUnit4Provider.java:158)
DEBUG - org.apache.maven.surefire.booter.ForkedBooter.runSuitesInProcess(ForkedBooter.java:428)
DEBUG - org.apache.maven.surefire.booter.ForkedBooter.execute(ForkedBooter.java:162)
DEBUG - org.apache.maven.surefire.booter.ForkedBooter.run(ForkedBooter.java:562)
DEBUG - org.apache.maven.surefire.booter.ForkedBooter.main(ForkedBooter.java:548)
ERROR - Access denied for user 'root'@'localhost' (using password: YES)
DEBUG - [Ljava.lang.StackTraceElement;@4823f3b8
ERROR - Access denied for user 'root'@'localhost' (using password: YES)
]]></system-out>
  </testcase>
  <testcase name="ReadAllTest" classname="com.qa.ims.persistence.dao.OrderDaoMysqlTest" time="0.063">
    <failure message="expected:&lt;[com.qa.ims.persistence.domain.Order@63061b62, com.qa.ims.persistence.domain.Order@5fe1f44, com.qa.ims.persistence.domain.Order@d77a2323]&gt; but was:&lt;[]&gt;" type="java.lang.AssertionError"><![CDATA[java.lang.AssertionError: expected:<[com.qa.ims.persistence.domain.Order@63061b62, com.qa.ims.persistence.domain.Order@5fe1f44, com.qa.ims.persistence.domain.Order@d77a2323]> but was:<[]>
	at com.qa.ims.persistence.dao.OrderDaoMysqlTest.ReadAllTest(OrderDaoMysqlTest.java:107)
]]></failure>
    <system-out><![CDATA[DEBUG - [Ljava.lang.StackTraceElement;@5563a63f
ERROR - Access denied for user 'root'@'localhost' (using password: YES)
]]></system-out>
  </testcase>
  <testcase name="ReadLatestTest" classname="com.qa.ims.persistence.dao.OrderDaoMysqlTest" time="0.093">
    <failure message="expected:&lt;com.qa.ims.persistence.domain.Order@5fe1f44&gt; but was:&lt;null&gt;" type="java.lang.AssertionError"><![CDATA[java.lang.AssertionError: expected:<com.qa.ims.persistence.domain.Order@5fe1f44> but was:<null>
	at com.qa.ims.persistence.dao.OrderDaoMysqlTest.ReadLatestTest(OrderDaoMysqlTest.java:115)
]]></failure>
    <system-out><![CDATA[DEBUG - [Ljava.lang.StackTraceElement;@3d8c3d0a
ERROR - Access denied for user 'root'@'localhost' (using password: YES)
]]></system-out>
  </testcase>
  <testcase name="ReadOrderTest" classname="com.qa.ims.persistence.dao.OrderDaoMysqlTest" time="0.058">
    <failure message="expected:&lt;com.qa.ims.persistence.domain.Order@5fe1f44&gt; but was:&lt;null&gt;" type="java.lang.AssertionError"><![CDATA[java.lang.AssertionError: expected:<com.qa.ims.persistence.domain.Order@5fe1f44> but was:<null>
	at com.qa.ims.persistence.dao.OrderDaoMysqlTest.ReadOrderTest(OrderDaoMysqlTest.java:123)
]]></failure>
    <system-out><![CDATA[DEBUG - [Ljava.lang.StackTraceElement;@3a44ebd5
ERROR - Access denied for user 'root'@'localhost' (using password: YES)
]]></system-out>
  </testcase>
  <testcase name="UpdateTest" classname="com.qa.ims.persistence.dao.OrderDaoMysqlTest" time="0.056">
    <failure message="expected:&lt;com.qa.ims.persistence.domain.Order@63061b62&gt; but was:&lt;null&gt;" type="java.lang.AssertionError"><![CDATA[java.lang.AssertionError: expected:<com.qa.ims.persistence.domain.Order@63061b62> but was:<null>
	at com.qa.ims.persistence.dao.OrderDaoMysqlTest.UpdateTest(OrderDaoMysqlTest.java:139)
]]></failure>
    <system-out><![CDATA[DEBUG - [Ljava.lang.StackTraceElement;@3e1f6318
ERROR - Access denied for user 'root'@'localhost' (using password: YES)
]]></system-out>
  </testcase>
  <testcase name="gDeleteTest" classname="com.qa.ims.persistence.dao.OrderDaoMysqlTest" time="0.107">
    <failure message="expected:&lt;[com.qa.ims.persistence.domain.Order@d77a2323]&gt; but was:&lt;[]&gt;" type="java.lang.AssertionError"><![CDATA[java.lang.AssertionError: expected:<[com.qa.ims.persistence.domain.Order@d77a2323]> but was:<[]>
	at com.qa.ims.persistence.dao.OrderDaoMysqlTest.gDeleteTest(OrderDaoMysqlTest.java:153)
]]></failure>
    <system-out><![CDATA[DEBUG - [Ljava.lang.StackTraceElement;@45cd5c56
ERROR - Access denied for user 'root'@'localhost' (using password: YES)
DEBUG - [Ljava.lang.StackTraceElement;@8fe054
ERROR - Access denied for user 'root'@'localhost' (using password: YES)
]]></system-out>
  </testcase>
</testsuite>